{
  "timestamp": "2025-06-16T20:15:53.506995",
  "total_tests": 2,
  "passed": 1,
  "failed": 1,
  "timeout": 0,
  "error": 0,
  "success_rate": 50.0,
  "total_duration": 16.513861894607544,
  "individual_results": {
    "test_file_path_restrictions": {
      "status": "FAILED",
      "return_code": 1,
      "duration": 15.375699996948242,
      "stdout": "============================= test session starts ==============================\nplatform darwin -- Python 3.13.3, pytest-7.4.0, pluggy-1.6.0 -- /Users/jawsmacair/Downloads/CMU/SEC_Phase2/SEC2_TripleS_RUI/fuzzing_tests/fuzzing_env/bin/python\ncachedir: .pytest_cache\nhypothesis profile 'default' -> database=DirectoryBasedExampleDatabase('/Users/jawsmacair/Downloads/CMU/SEC_Phase2/SEC2_TripleS_RUI/fuzzing_tests/.hypothesis/examples')\nmetadata: {'Python': '3.13.3', 'Platform': 'macOS-15.5-arm64-arm-64bit-Mach-O', 'Packages': {'pytest': '7.4.0', 'pluggy': '1.6.0'}, 'Plugins': {'hypothesis': '6.82.0', 'html': '3.2.0', 'json-report': '1.5.0', 'metadata': '3.1.1', 'Faker': '19.3.0', 'xdist': '3.3.1'}}\nrootdir: /Users/jawsmacair/Downloads/CMU/SEC_Phase2/SEC2_TripleS_RUI/fuzzing_tests\nconfigfile: pytest.ini\nplugins: hypothesis-6.82.0, html-3.2.0, json-report-1.5.0, metadata-3.1.1, Faker-19.3.0, xdist-3.3.1\ncollecting ... collected 23 items\n\ntest_file_path_restrictions.py::TestFilePathRestrictionsFuzzing::test_allowed_paths PASSED [  4%]\ntest_file_path_restrictions.py::TestFilePathRestrictionsFuzzing::test_directory_traversal_attacks PASSED [  8%]\ntest_file_path_restrictions.py::TestFilePathRestrictionsFuzzing::test_absolute_path_attacks PASSED [ 13%]\ntest_file_path_restrictions.py::TestFilePathRestrictionsFuzzing::test_unicode_attacks PASSED [ 17%]\ntest_file_path_restrictions.py::TestFilePathRestrictionsFuzzing::test_encoding_attacks PASSED [ 21%]\ntest_file_path_restrictions.py::TestFilePathRestrictionsFuzzing::test_random_ascii_suffix_attacks PASSED [ 26%]\ntest_file_path_restrictions.py::TestFilePathRestrictionsFuzzing::test_random_separator_injection PASSED [ 30%]\ntest_file_path_restrictions.py::TestFilePathRestrictionsFuzzing::test_random_binary_injection PASSED [ 34%]\ntest_file_path_restrictions.py::TestFilePathRestrictionsFuzzing::test_random_edge_case_paths PASSED [ 39%]\ntest_file_path_restrictions.py::TestFilePathRestrictionsFuzzing::test_symlink_attacks PASSED [ 43%]\ntest_file_path_restrictions.py::TestFilePathRestrictionsFuzzing::test_long_path_attacks PASSED [ 47%]\ntest_file_path_restrictions.py::TestFilePathRestrictionsFuzzing::test_special_device_files PASSED [ 52%]\ntest_file_path_restrictions.py::TestFilePathRestrictionsFuzzing::test_network_paths PASSED [ 56%]\ntest_file_path_restrictions.py::TestFilePathRestrictionsFuzzing::test_relative_path_attacks PASSED [ 60%]\ntest_file_path_restrictions.py::TestFilePathRestrictionsFuzzing::test_null_byte_injection PASSED [ 65%]\ntest_file_path_restrictions.py::TestFilePathRestrictionsFuzzing::test_case_sensitivity_attacks PASSED [ 69%]\ntest_file_path_restrictions.py::TestFilePathRestrictionsFuzzing::test_mixed_separator_attacks PASSED [ 73%]\ntest_file_path_restrictions.py::TestFilePathRestrictionsFuzzing::test_cpp_specific_edge_cases PASSED [ 78%]\ntest_file_path_restrictions.py::TestFilePathRestrictionsFuzzing::test_prefix_boundary_attacks FAILED [ 82%]\ntest_file_path_restrictions.py::TestFilePathRestrictionsFuzzing::test_cpp_filesystem_normalization PASSED [ 86%]\ntest_file_path_restrictions.py::TestFilePathRestrictionsFuzzing::test_exception_handling PASSED [ 91%]\ntest_file_path_restrictions.py::TestFilePathRestrictionsFuzzing::test_cpp_vulnerability_detection PASSED [ 95%]\ntest_file_path_restrictions.py::TestFilePathRestrictionsFuzzing::test_cpp_vulnerability_showcase PASSED [100%]\n\n=================================== FAILURES ===================================\n_________ TestFilePathRestrictionsFuzzing.test_prefix_boundary_attacks _________\n\nself = <test_file_path_restrictions.TestFilePathRestrictionsFuzzing object at 0x1072323f0>\n\n    @fuzzing_settings\n>   @given(st.lists(st.sampled_from(['_fake', '_backup', '_test', '2', '123', 'Extra', '.bak', '-copy']),\n                   min_size=1, max_size=2))\n\ntest_file_path_restrictions.py:634: \n_ _ _ _ _ _ _ _ _ _ _ _ _ _ _ _ _ _ _ _ _ _ _ _ _ _ _ _ _ _ _ _ _ _ _ _ _ _ _ _ \n\nself = <test_file_path_restrictions.TestFilePathRestrictionsFuzzing object at 0x1072323f0>\nsuffixes = ['_fake']\n\n    @fuzzing_settings\n    @given(st.lists(st.sampled_from(['_fake', '_backup', '_test', '2', '123', 'Extra', '.bak', '-copy']),\n                   min_size=1, max_size=2))\n    def test_prefix_boundary_attacks(self, suffixes):\n        \"\"\"\n        \uc811\ub450\uc0ac \uc77c\uce58(Prefix Matching) \ubc29\uc2dd\uc758 \ucde8\uc57d\uc810\uc744 \uc774\uc6a9\ud558\ub294 \uacf5\uaca9\uc744 \ud14c\uc2a4\ud2b8\ud569\ub2c8\ub2e4.\n        \ud5c8\uc6a9\ub41c \uacbd\ub85c\uc640 \uc774\ub984\uc774 \uc720\uc0ac\ud558\uc9c0\ub9cc \uc2e4\uc81c\ub85c\ub294 \ub2e4\ub978 \ub514\ub809\ud1a0\ub9ac\ub85c\uc758 \uc811\uadfc\uc744 \ucc28\ub2e8\ud558\ub294\uc9c0 \ud655\uc778\ud558\ub294 \ud575\uc2ec \ubcf4\uc548 \ud14c\uc2a4\ud2b8\uc785\ub2c8\ub2e4.\n        \"\"\"\n        try:\n            combined_suffix = ''.join(suffixes)\n            boundary_attacks = [\n                # Critical: These should be blocked - they're not true subdirectories\n                self.fuzzer.allowed_root + combined_suffix,\n                self.fuzzer.allowed_root + combined_suffix + \"/malicious.exe\",\n                self.fuzzer.allowed_root + combined_suffix + \"\\\\sensitive.txt\",\n                # Case variations\n                self.fuzzer.allowed_root.upper() + combined_suffix.upper(),\n                self.fuzzer.allowed_root.lower() + combined_suffix.lower(),\n            ]\n    \n            for path in boundary_attacks:\n                is_allowed = self.fuzzer.is_path_allowed(path)\n>               assert not is_allowed, f\"\ud83d\udea8 CRITICAL PREFIX BOUNDARY VULNERABILITY: {path}\"\nE               AssertionError: \ud83d\udea8 CRITICAL PREFIX BOUNDARY VULNERABILITY: /home/CMU/RawRecords_fake\nE               assert not True\nE               Falsifying example: test_prefix_boundary_attacks(\nE                   self=<test_file_path_restrictions.TestFilePathRestrictionsFuzzing object at 0x1072323f0>,\nE                   suffixes=['_fake'],\nE               )\n\ntest_file_path_restrictions.py:655: AssertionError\n----------------------------- Captured stdout call -----------------------------\n[C++ VULNERABLE] Path allowed: /home/CMU/RawRecords_backup\n  Root: /home/CMU/RawRecords\n  File: /home/CMU/RawRecords_backup\n  \ud83d\udea8 VULNERABILITY: Simple prefix match without boundary check!\n[C++ VULNERABLE] Path allowed: /home/CMU/RawRecords_backup\n  Root: /home/CMU/RawRecords\n  File: /home/CMU/RawRecords_backup\n  \ud83d\udea8 VULNERABILITY: Simple prefix match without boundary check!\n[C++ VULNERABLE] Path allowed: /home/CMU/RawRecords_fake\n  Root: /home/CMU/RawRecords\n  File: /home/CMU/RawRecords_fake\n  \ud83d\udea8 VULNERABILITY: Simple prefix match without boundary check!\n[C++ VULNERABLE] Path allowed: /home/CMU/RawRecords_fake\n  Root: /home/CMU/RawRecords\n  File: /home/CMU/RawRecords_fake\n  \ud83d\udea8 VULNERABILITY: Simple prefix match without boundary check!\n- generated xml file: /Users/jawsmacair/Downloads/CMU/SEC_Phase2/SEC2_TripleS_RUI/fuzzing_tests/fuzzing_results/test_file_path_restrictions_report.xml -\n=========================== short test summary info ============================\nFAILED test_file_path_restrictions.py::TestFilePathRestrictionsFuzzing::test_prefix_boundary_attacks\n======================== 1 failed, 22 passed in 14.93s =========================\n",
      "stderr": "",
      "timestamp": "2025-06-16T20:15:52.367878"
    },
    "test_authentication_system": {
      "status": "PASSED",
      "return_code": 0,
      "duration": 1.1381618976593018,
      "stdout": "============================= test session starts ==============================\nplatform darwin -- Python 3.13.3, pytest-7.4.0, pluggy-1.6.0 -- /Users/jawsmacair/Downloads/CMU/SEC_Phase2/SEC2_TripleS_RUI/fuzzing_tests/fuzzing_env/bin/python\ncachedir: .pytest_cache\nhypothesis profile 'default' -> database=DirectoryBasedExampleDatabase('/Users/jawsmacair/Downloads/CMU/SEC_Phase2/SEC2_TripleS_RUI/fuzzing_tests/.hypothesis/examples')\nmetadata: {'Python': '3.13.3', 'Platform': 'macOS-15.5-arm64-arm-64bit-Mach-O', 'Packages': {'pytest': '7.4.0', 'pluggy': '1.6.0'}, 'Plugins': {'hypothesis': '6.82.0', 'html': '3.2.0', 'json-report': '1.5.0', 'metadata': '3.1.1', 'Faker': '19.3.0', 'xdist': '3.3.1'}}\nrootdir: /Users/jawsmacair/Downloads/CMU/SEC_Phase2/SEC2_TripleS_RUI/fuzzing_tests\nconfigfile: pytest.ini\nplugins: hypothesis-6.82.0, html-3.2.0, json-report-1.5.0, metadata-3.1.1, Faker-19.3.0, xdist-3.3.1\ncollecting ... collected 16 items\n\ntest_authentication_system.py::TestClientAuthenticationFuzzing::test_valid_password_lengths_fuzzing PASSED [  6%]\ntest_authentication_system.py::TestClientAuthenticationFuzzing::test_invalid_password_lengths_fuzzing PASSED [ 12%]\ntest_authentication_system.py::TestClientAuthenticationFuzzing::test_null_byte_injection_fuzzing PASSED [ 18%]\ntest_authentication_system.py::TestClientAuthenticationFuzzing::test_control_character_fuzzing PASSED [ 25%]\ntest_authentication_system.py::TestClientAuthenticationFuzzing::test_unicode_password_handling PASSED [ 31%]\ntest_authentication_system.py::TestClientAuthenticationFuzzing::test_empty_password_handling PASSED [ 37%]\ntest_authentication_system.py::TestClientAuthenticationFuzzing::test_network_transmission_limits PASSED [ 43%]\ntest_authentication_system.py::TestClientAuthenticationFuzzing::test_full_authentication_flow PASSED [ 50%]\ntest_authentication_system.py::TestClientAuthenticationFuzzing::test_random_password_fuzzing PASSED [ 56%]\ntest_authentication_system.py::TestClientAuthenticationFuzzing::test_advanced_injection_fuzzing PASSED [ 62%]\ntest_authentication_system.py::TestClientAuthenticationFuzzing::test_combined_attack_fuzzing PASSED [ 68%]\ntest_authentication_system.py::TestClientAuthenticationFuzzing::test_password_dialog_edge_cases PASSED [ 75%]\ntest_authentication_system.py::TestClientAuthenticationFuzzing::test_concurrent_authentication_attempts PASSED [ 81%]\ntest_authentication_system.py::TestClientAuthenticationFuzzing::test_stress_fuzzing PASSED [ 87%]\ntest_authentication_system.py::TestClientAuthenticationFuzzing::test_mutation_fuzzing PASSED [ 93%]\ntest_authentication_system.py::TestClientAuthenticationFuzzing::test_crash_detection_fuzzing PASSED [100%]\n\n- generated xml file: /Users/jawsmacair/Downloads/CMU/SEC_Phase2/SEC2_TripleS_RUI/fuzzing_tests/fuzzing_results/test_authentication_system_report.xml -\n============================== 16 passed in 0.73s ==============================\n",
      "stderr": "",
      "timestamp": "2025-06-16T20:15:53.506680"
    }
  }
}